<?xml version="1.0" encoding="UTF-8"?>
<!-- Generated by org.testng.reporters.JUnitXMLReporter -->
<testsuite hostname="STUDENT01" ignored="0" name="Default test" tests="4" failures="0" timestamp="05 May 2017 15:46:26 GMT" time="47.248" errors="0">
  <testcase name="AmazonTest1" time="0.594" classname="MavenTest.Testreport.AppTest"/>
  <testcase name="verifySearchBox" time="9.002" classname="MavenTest.Testreport.AppTest"/>
  <testcase name="FiIphone" time="16.146" classname="MavenTest.Testreport.AppTest"/>
  <testcase name="BasketIphone" time="3.183" classname="MavenTest.Testreport.AppTest"/>
</testsuite> <!-- Default test -->
