<?xml version="1.0" encoding="UTF-8"?>
<testng-results skipped="0" failed="0" ignored="0" total="0" passed="0">
  <reporter-output>
  </reporter-output>
  <suite name="MavenTest.Testreport.AppTest" duration-ms="6" started-at="2017-05-04T13:39:49Z" finished-at="2017-05-04T13:39:49Z">
    <groups>
    </groups>
    <test name="Command line test" duration-ms="6" started-at="2017-05-04T13:39:49Z" finished-at="2017-05-04T13:39:49Z">
    </test> <!-- Command line test -->
  </suite> <!-- MavenTest.Testreport.AppTest -->
</testng-results>
